{"D:\\vs\\DECI_L5_FirstTerm_Project\\ecommerce-platform\\backend\\src\\app.ts": {"path":"D:\\vs\\DECI_L5_FirstTerm_Project\\ecommerce-platform\\backend\\src\\app.ts","statementMap":{"0":{"start":{"line":1,"column":0},"end":{"line":1,"column":28}},"1":{"start":{"line":2,"column":0},"end":{"line":2,"column":16}},"2":{"start":{"line":4,"column":0},"end":{"line":4,"column":30}},"3":{"start":{"line":5,"column":0},"end":{"line":5,"column":24}},"4":{"start":{"line":6,"column":0},"end":{"line":6,"column":28}},"5":{"start":{"line":7,"column":0},"end":{"line":7,"column":43}},"6":{"start":{"line":8,"column":0},"end":{"line":8,"column":28}},"7":{"start":{"line":9,"column":0},"end":{"line":9,"column":24}},"8":{"start":{"line":10,"column":0},"end":{"line":10,"column":41}},"9":{"start":{"line":11,"column":0},"end":{"line":11,"column":71}},"10":{"start":{"line":13,"column":0},"end":{"line":13,"column":46}},"11":{"start":{"line":14,"column":0},"end":{"line":14,"column":52}},"12":{"start":{"line":15,"column":0},"end":{"line":15,"column":54}},"13":{"start":{"line":16,"column":0},"end":{"line":16,"column":46}},"14":{"start":{"line":17,"column":0},"end":{"line":17,"column":48}},"15":{"start":{"line":18,"column":0},"end":{"line":18,"column":46}},"16":{"start":{"line":20,"column":12},"end":{"line":20,"column":21}},"17":{"start":{"line":23,"column":0},"end":{"line":23,"column":18}},"18":{"start":{"line":26,"column":16},"end":{"line":29,"column":2}},"19":{"start":{"line":30,"column":0},"end":{"line":30,"column":26}},"20":{"start":{"line":33,"column":0},"end":{"line":33,"column":23}},"21":{"start":{"line":36,"column":0},"end":{"line":36,"column":79}},"22":{"start":{"line":39,"column":0},"end":{"line":39,"column":24}},"23":{"start":{"line":40,"column":0},"end":{"line":40,"column":48}},"24":{"start":{"line":43,"column":0},"end":{"line":43,"column":31}},"25":{"start":{"line":46,"column":0},"end":{"line":46,"column":72}},"26":{"start":{"line":49,"column":0},"end":{"line":49,"column":33}},"27":{"start":{"line":50,"column":0},"end":{"line":50,"column":40}},"28":{"start":{"line":51,"column":0},"end":{"line":51,"column":43}},"29":{"start":{"line":52,"column":0},"end":{"line":52,"column":33}},"30":{"start":{"line":53,"column":0},"end":{"line":53,"column":36}},"31":{"start":{"line":54,"column":0},"end":{"line":54,"column":34}},"32":{"start":{"line":57,"column":0},"end":{"line":59,"column":3}},"33":{"start":{"line":58,"column":2},"end":{"line":58,"column":66}},"34":{"start":{"line":62,"column":0},"end":{"line":62,"column":18}},"35":{"start":{"line":63,"column":0},"end":{"line":63,"column":22}},"36":{"start":{"line":65,"column":0},"end":{"line":65,"column":19}}},"fnMap":{"0":{"name":"(anonymous_1)","decl":{"start":{"line":57,"column":23},"end":{"line":57,"column":24}},"loc":{"start":{"line":57,"column":36},"end":{"line":59,"column":1}}}},"branchMap":{"0":{"loc":{"start":{"line":36,"column":23},"end":{"line":36,"column":74}},"type":"binary-expr","locations":[{"start":{"line":36,"column":23},"end":{"line":36,"column":47}},{"start":{"line":36,"column":51},"end":{"line":36,"column":74}}]}},"s":{"0":3,"1":3,"2":3,"3":3,"4":3,"5":3,"6":3,"7":3,"8":3,"9":3,"10":3,"11":3,"12":3,"13":3,"14":3,"15":3,"16":3,"17":3,"18":3,"19":3,"20":3,"21":3,"22":3,"23":3,"24":3,"25":3,"26":3,"27":3,"28":3,"29":3,"30":3,"31":3,"32":3,"33":0,"34":3,"35":3,"36":3},"f":{"0":0},"b":{"0":[3,0]}}
,"D:\\vs\\DECI_L5_FirstTerm_Project\\ecommerce-platform\\backend\\src\\config\\database.ts": {"path":"D:\\vs\\DECI_L5_FirstTerm_Project\\ecommerce-platform\\backend\\src\\config\\database.ts","statementMap":{"0":{"start":{"line":1,"column":0},"end":{"line":1,"column":46}},"1":{"start":{"line":3,"column":15},"end":{"line":5,"column":2}},"2":{"start":{"line":7,"column":0},"end":{"line":7,"column":22}}},"fnMap":{},"branchMap":{"0":{"loc":{"start":{"line":4,"column":7},"end":{"line":4,"column":86}},"type":"cond-expr","locations":[{"start":{"line":4,"column":48},"end":{"line":4,"column":74}},{"start":{"line":4,"column":77},"end":{"line":4,"column":86}}]}},"s":{"0":3,"1":3,"2":3},"f":{},"b":{"0":[0,3]}}
,"D:\\vs\\DECI_L5_FirstTerm_Project\\ecommerce-platform\\backend\\src\\config\\passport.ts": {"path":"D:\\vs\\DECI_L5_FirstTerm_Project\\ecommerce-platform\\backend\\src\\config\\passport.ts","statementMap":{"0":{"start":{"line":1,"column":0},"end":{"line":1,"column":32}},"1":{"start":{"line":2,"column":0},"end":{"line":2,"column":69}},"2":{"start":{"line":3,"column":0},"end":{"line":3,"column":67}},"3":{"start":{"line":4,"column":0},"end":{"line":4,"column":32}},"4":{"start":{"line":6,"column":19},"end":{"line":6,"column":41}},"5":{"start":{"line":7,"column":0},"end":{"line":9,"column":1}},"6":{"start":{"line":8,"column":2},"end":{"line":8,"column":65}},"7":{"start":{"line":12,"column":0},"end":{"line":44,"column":1}},"8":{"start":{"line":13,"column":2},"end":{"line":43,"column":4}},"9":{"start":{"line":21,"column":8},"end":{"line":40,"column":9}},"10":{"start":{"line":22,"column":21},"end":{"line":24,"column":12}},"11":{"start":{"line":26,"column":10},"end":{"line":35,"column":11}},"12":{"start":{"line":27,"column":12},"end":{"line":34,"column":15}},"13":{"start":{"line":37,"column":10},"end":{"line":37,"column":27}},"14":{"start":{"line":39,"column":10},"end":{"line":39,"column":29}},"15":{"start":{"line":47,"column":0},"end":{"line":69,"column":2}},"16":{"start":{"line":54,"column":6},"end":{"line":66,"column":7}},"17":{"start":{"line":55,"column":21},"end":{"line":57,"column":10}},"18":{"start":{"line":59,"column":8},"end":{"line":63,"column":9}},"19":{"start":{"line":60,"column":10},"end":{"line":60,"column":27}},"20":{"start":{"line":62,"column":10},"end":{"line":62,"column":28}},"21":{"start":{"line":65,"column":8},"end":{"line":65,"column":27}},"22":{"start":{"line":71,"column":0},"end":{"line":71,"column":24}}},"fnMap":{"0":{"name":"(anonymous_1)","decl":{"start":{"line":20,"column":6},"end":{"line":20,"column":11}},"loc":{"start":{"line":20,"column":57},"end":{"line":41,"column":7}}},"1":{"name":"(anonymous_2)","decl":{"start":{"line":53,"column":4},"end":{"line":53,"column":9}},"loc":{"start":{"line":53,"column":28},"end":{"line":67,"column":5}}}},"branchMap":{"0":{"loc":{"start":{"line":7,"column":0},"end":{"line":9,"column":1}},"type":"if","locations":[{"start":{"line":7,"column":0},"end":{"line":9,"column":1}}]},"1":{"loc":{"start":{"line":12,"column":0},"end":{"line":44,"column":1}},"type":"if","locations":[{"start":{"line":12,"column":0},"end":{"line":44,"column":1}}]},"2":{"loc":{"start":{"line":12,"column":4},"end":{"line":12,"column":68}},"type":"binary-expr","locations":[{"start":{"line":12,"column":4},"end":{"line":12,"column":32}},{"start":{"line":12,"column":36},"end":{"line":12,"column":68}}]},"3":{"loc":{"start":{"line":26,"column":10},"end":{"line":35,"column":11}},"type":"if","locations":[{"start":{"line":26,"column":10},"end":{"line":35,"column":11}}]},"4":{"loc":{"start":{"line":59,"column":8},"end":{"line":63,"column":9}},"type":"if","locations":[{"start":{"line":59,"column":8},"end":{"line":63,"column":9}},{"start":{"line":61,"column":15},"end":{"line":63,"column":9}}]}},"s":{"0":3,"1":3,"2":3,"3":3,"4":3,"5":3,"6":0,"7":3,"8":3,"9":0,"10":0,"11":0,"12":0,"13":0,"14":0,"15":3,"16":0,"17":0,"18":0,"19":0,"20":0,"21":0,"22":3},"f":{"0":0,"1":0},"b":{"0":[0],"1":[3],"2":[3,3],"3":[0],"4":[0,0]}}
,"D:\\vs\\DECI_L5_FirstTerm_Project\\ecommerce-platform\\backend\\src\\controllers\\auth.controller.ts": {"path":"D:\\vs\\DECI_L5_FirstTerm_Project\\ecommerce-platform\\backend\\src\\controllers\\auth.controller.ts","statementMap":{"0":{"start":{"line":2,"column":0},"end":{"line":2,"column":56}},"1":{"start":{"line":5,"column":24},"end":{"line":13,"column":1}},"2":{"start":{"line":6,"column":2},"end":{"line":12,"column":3}},"3":{"start":{"line":7,"column":38},"end":{"line":7,"column":46}},"4":{"start":{"line":8,"column":19},"end":{"line":8,"column":68}},"5":{"start":{"line":9,"column":4},"end":{"line":9,"column":58}},"6":{"start":{"line":11,"column":4},"end":{"line":11,"column":16}},"7":{"start":{"line":5,"column":13},"end":{"line":5,"column":24}},"8":{"start":{"line":15,"column":21},"end":{"line":23,"column":1}},"9":{"start":{"line":16,"column":2},"end":{"line":22,"column":3}},"10":{"start":{"line":17,"column":32},"end":{"line":17,"column":40}},"11":{"start":{"line":18,"column":19},"end":{"line":18,"column":59}},"12":{"start":{"line":19,"column":4},"end":{"line":19,"column":46}},"13":{"start":{"line":21,"column":4},"end":{"line":21,"column":16}},"14":{"start":{"line":15,"column":13},"end":{"line":15,"column":21}},"15":{"start":{"line":25,"column":21},"end":{"line":32,"column":1}},"16":{"start":{"line":26,"column":2},"end":{"line":31,"column":3}},"17":{"start":{"line":27,"column":17},"end":{"line":27,"column":75}},"18":{"start":{"line":28,"column":4},"end":{"line":28,"column":44}},"19":{"start":{"line":30,"column":4},"end":{"line":30,"column":16}},"20":{"start":{"line":25,"column":13},"end":{"line":25,"column":21}},"21":{"start":{"line":34,"column":30},"end":{"line":38,"column":1}},"22":{"start":{"line":35,"column":15},"end":{"line":35,"column":30}},"23":{"start":{"line":36,"column":16},"end":{"line":36,"column":26}},"24":{"start":{"line":37,"column":2},"end":{"line":37,"column":67}},"25":{"start":{"line":34,"column":13},"end":{"line":34,"column":30}}},"fnMap":{"0":{"name":"(anonymous_9)","decl":{"start":{"line":5,"column":24},"end":{"line":5,"column":29}},"loc":{"start":{"line":5,"column":82},"end":{"line":13,"column":1}}},"1":{"name":"(anonymous_10)","decl":{"start":{"line":15,"column":21},"end":{"line":15,"column":26}},"loc":{"start":{"line":15,"column":79},"end":{"line":23,"column":1}}},"2":{"name":"(anonymous_11)","decl":{"start":{"line":25,"column":21},"end":{"line":25,"column":26}},"loc":{"start":{"line":25,"column":79},"end":{"line":32,"column":1}}},"3":{"name":"(anonymous_12)","decl":{"start":{"line":34,"column":30},"end":{"line":34,"column":31}},"loc":{"start":{"line":34,"column":62},"end":{"line":38,"column":1}}}},"branchMap":{},"s":{"0":3,"1":3,"2":0,"3":0,"4":0,"5":0,"6":0,"7":3,"8":3,"9":0,"10":0,"11":0,"12":0,"13":0,"14":3,"15":3,"16":0,"17":0,"18":0,"19":0,"20":3,"21":3,"22":0,"23":0,"24":0,"25":3},"f":{"0":0,"1":0,"2":0,"3":0},"b":{}}
,"D:\\vs\\DECI_L5_FirstTerm_Project\\ecommerce-platform\\backend\\src\\controllers\\cart.controller.ts": {"path":"D:\\vs\\DECI_L5_FirstTerm_Project\\ecommerce-platform\\backend\\src\\controllers\\cart.controller.ts","statementMap":{"0":{"start":{"line":2,"column":0},"end":{"line":2,"column":56}},"1":{"start":{"line":4,"column":23},"end":{"line":11,"column":1}},"2":{"start":{"line":5,"column":2},"end":{"line":10,"column":3}},"3":{"start":{"line":6,"column":17},"end":{"line":6,"column":68}},"4":{"start":{"line":7,"column":4},"end":{"line":7,"column":44}},"5":{"start":{"line":9,"column":4},"end":{"line":9,"column":16}},"6":{"start":{"line":4,"column":13},"end":{"line":4,"column":23}},"7":{"start":{"line":13,"column":25},"end":{"line":21,"column":1}},"8":{"start":{"line":14,"column":2},"end":{"line":20,"column":3}},"9":{"start":{"line":15,"column":36},"end":{"line":15,"column":44}},"10":{"start":{"line":16,"column":17},"end":{"line":16,"column":96}},"11":{"start":{"line":17,"column":4},"end":{"line":17,"column":56}},"12":{"start":{"line":19,"column":4},"end":{"line":19,"column":16}},"13":{"start":{"line":13,"column":13},"end":{"line":13,"column":25}},"14":{"start":{"line":23,"column":30},"end":{"line":30,"column":1}},"15":{"start":{"line":24,"column":2},"end":{"line":29,"column":3}},"16":{"start":{"line":25,"column":17},"end":{"line":25,"column":93}},"17":{"start":{"line":26,"column":4},"end":{"line":26,"column":44}},"18":{"start":{"line":28,"column":4},"end":{"line":28,"column":16}},"19":{"start":{"line":23,"column":13},"end":{"line":23,"column":30}},"20":{"start":{"line":32,"column":30},"end":{"line":39,"column":1}},"21":{"start":{"line":33,"column":2},"end":{"line":38,"column":3}},"22":{"start":{"line":34,"column":4},"end":{"line":34,"column":52}},"23":{"start":{"line":35,"column":4},"end":{"line":35,"column":57}},"24":{"start":{"line":37,"column":4},"end":{"line":37,"column":16}},"25":{"start":{"line":32,"column":13},"end":{"line":32,"column":30}}},"fnMap":{"0":{"name":"(anonymous_9)","decl":{"start":{"line":4,"column":23},"end":{"line":4,"column":28}},"loc":{"start":{"line":4,"column":81},"end":{"line":11,"column":1}}},"1":{"name":"(anonymous_10)","decl":{"start":{"line":13,"column":25},"end":{"line":13,"column":30}},"loc":{"start":{"line":13,"column":83},"end":{"line":21,"column":1}}},"2":{"name":"(anonymous_11)","decl":{"start":{"line":23,"column":30},"end":{"line":23,"column":35}},"loc":{"start":{"line":23,"column":88},"end":{"line":30,"column":1}}},"3":{"name":"(anonymous_12)","decl":{"start":{"line":32,"column":30},"end":{"line":32,"column":35}},"loc":{"start":{"line":32,"column":88},"end":{"line":39,"column":1}}}},"branchMap":{"0":{"loc":{"start":{"line":16,"column":82},"end":{"line":16,"column":95}},"type":"binary-expr","locations":[{"start":{"line":16,"column":82},"end":{"line":16,"column":90}},{"start":{"line":16,"column":94},"end":{"line":16,"column":95}}]}},"s":{"0":3,"1":3,"2":0,"3":0,"4":0,"5":0,"6":3,"7":3,"8":0,"9":0,"10":0,"11":0,"12":0,"13":3,"14":3,"15":0,"16":0,"17":0,"18":0,"19":3,"20":3,"21":0,"22":0,"23":0,"24":0,"25":3},"f":{"0":0,"1":0,"2":0,"3":0},"b":{"0":[0,0]}}
,"D:\\vs\\DECI_L5_FirstTerm_Project\\ecommerce-platform\\backend\\src\\controllers\\category.controller.ts": {"path":"D:\\vs\\DECI_L5_FirstTerm_Project\\ecommerce-platform\\backend\\src\\controllers\\category.controller.ts","statementMap":{"0":{"start":{"line":2,"column":0},"end":{"line":2,"column":40}},"1":{"start":{"line":4,"column":29},"end":{"line":15,"column":1}},"2":{"start":{"line":5,"column":2},"end":{"line":14,"column":3}},"3":{"start":{"line":6,"column":23},"end":{"line":10,"column":6}},"4":{"start":{"line":11,"column":4},"end":{"line":11,"column":50}},"5":{"start":{"line":13,"column":4},"end":{"line":13,"column":16}},"6":{"start":{"line":4,"column":13},"end":{"line":4,"column":29}},"7":{"start":{"line":17,"column":30},"end":{"line":27,"column":1}},"8":{"start":{"line":18,"column":2},"end":{"line":26,"column":3}},"9":{"start":{"line":19,"column":27},"end":{"line":19,"column":35}},"10":{"start":{"line":20,"column":21},"end":{"line":22,"column":6}},"11":{"start":{"line":23,"column":4},"end":{"line":23,"column":60}},"12":{"start":{"line":25,"column":4},"end":{"line":25,"column":16}},"13":{"start":{"line":17,"column":13},"end":{"line":17,"column":30}}},"fnMap":{"0":{"name":"(anonymous_1)","decl":{"start":{"line":4,"column":29},"end":{"line":4,"column":34}},"loc":{"start":{"line":4,"column":87},"end":{"line":15,"column":1}}},"1":{"name":"(anonymous_2)","decl":{"start":{"line":17,"column":30},"end":{"line":17,"column":35}},"loc":{"start":{"line":17,"column":88},"end":{"line":27,"column":1}}}},"branchMap":{},"s":{"0":3,"1":3,"2":0,"3":0,"4":0,"5":0,"6":3,"7":3,"8":0,"9":0,"10":0,"11":0,"12":0,"13":3},"f":{"0":0,"1":0},"b":{}}
,"D:\\vs\\DECI_L5_FirstTerm_Project\\ecommerce-platform\\backend\\src\\controllers\\order.controller.ts": {"path":"D:\\vs\\DECI_L5_FirstTerm_Project\\ecommerce-platform\\backend\\src\\controllers\\order.controller.ts","statementMap":{"0":{"start":{"line":2,"column":0},"end":{"line":2,"column":58}},"1":{"start":{"line":4,"column":27},"end":{"line":11,"column":1}},"2":{"start":{"line":5,"column":2},"end":{"line":10,"column":3}},"3":{"start":{"line":6,"column":18},"end":{"line":6,"column":74}},"4":{"start":{"line":7,"column":4},"end":{"line":7,"column":57}},"5":{"start":{"line":9,"column":4},"end":{"line":9,"column":16}},"6":{"start":{"line":4,"column":13},"end":{"line":4,"column":27}},"7":{"start":{"line":13,"column":25},"end":{"line":21,"column":1}},"8":{"start":{"line":14,"column":2},"end":{"line":20,"column":3}},"9":{"start":{"line":15,"column":20},"end":{"line":15,"column":92}},"10":{"start":{"line":16,"column":19},"end":{"line":16,"column":55}},"11":{"start":{"line":17,"column":4},"end":{"line":17,"column":46}},"12":{"start":{"line":19,"column":4},"end":{"line":19,"column":16}},"13":{"start":{"line":13,"column":13},"end":{"line":13,"column":25}},"14":{"start":{"line":23,"column":24},"end":{"line":30,"column":1}},"15":{"start":{"line":24,"column":2},"end":{"line":29,"column":3}},"16":{"start":{"line":25,"column":18},"end":{"line":25,"column":64}},"17":{"start":{"line":26,"column":4},"end":{"line":26,"column":45}},"18":{"start":{"line":28,"column":4},"end":{"line":28,"column":16}},"19":{"start":{"line":23,"column":13},"end":{"line":23,"column":24}},"20":{"start":{"line":32,"column":28},"end":{"line":39,"column":1}},"21":{"start":{"line":33,"column":2},"end":{"line":38,"column":3}},"22":{"start":{"line":34,"column":18},"end":{"line":34,"column":86}},"23":{"start":{"line":35,"column":4},"end":{"line":35,"column":45}},"24":{"start":{"line":37,"column":4},"end":{"line":37,"column":16}},"25":{"start":{"line":32,"column":13},"end":{"line":32,"column":28}}},"fnMap":{"0":{"name":"(anonymous_9)","decl":{"start":{"line":4,"column":27},"end":{"line":4,"column":32}},"loc":{"start":{"line":4,"column":85},"end":{"line":11,"column":1}}},"1":{"name":"(anonymous_10)","decl":{"start":{"line":13,"column":25},"end":{"line":13,"column":30}},"loc":{"start":{"line":13,"column":83},"end":{"line":21,"column":1}}},"2":{"name":"(anonymous_11)","decl":{"start":{"line":23,"column":24},"end":{"line":23,"column":29}},"loc":{"start":{"line":23,"column":82},"end":{"line":30,"column":1}}},"3":{"name":"(anonymous_12)","decl":{"start":{"line":32,"column":28},"end":{"line":32,"column":33}},"loc":{"start":{"line":32,"column":86},"end":{"line":39,"column":1}}}},"branchMap":{"0":{"loc":{"start":{"line":15,"column":20},"end":{"line":15,"column":92}},"type":"cond-expr","locations":[{"start":{"line":15,"column":56},"end":{"line":15,"column":65}},{"start":{"line":15,"column":69},"end":{"line":15,"column":92}}]}},"s":{"0":3,"1":3,"2":0,"3":0,"4":0,"5":0,"6":3,"7":3,"8":0,"9":0,"10":0,"11":0,"12":0,"13":3,"14":3,"15":0,"16":0,"17":0,"18":0,"19":3,"20":3,"21":0,"22":0,"23":0,"24":0,"25":3},"f":{"0":0,"1":0,"2":0,"3":0},"b":{"0":[0,0]}}
,"D:\\vs\\DECI_L5_FirstTerm_Project\\ecommerce-platform\\backend\\src\\controllers\\product.controller.ts": {"path":"D:\\vs\\DECI_L5_FirstTerm_Project\\ecommerce-platform\\backend\\src\\controllers\\product.controller.ts","statementMap":{"0":{"start":{"line":2,"column":0},"end":{"line":2,"column":62}},"1":{"start":{"line":4,"column":27},"end":{"line":11,"column":1}},"2":{"start":{"line":5,"column":2},"end":{"line":10,"column":3}},"3":{"start":{"line":6,"column":19},"end":{"line":6,"column":62}},"4":{"start":{"line":7,"column":4},"end":{"line":7,"column":86}},"5":{"start":{"line":9,"column":4},"end":{"line":9,"column":16}},"6":{"start":{"line":4,"column":13},"end":{"line":4,"column":27}},"7":{"start":{"line":13,"column":26},"end":{"line":23,"column":1}},"8":{"start":{"line":14,"column":2},"end":{"line":22,"column":3}},"9":{"start":{"line":15,"column":20},"end":{"line":15,"column":70}},"10":{"start":{"line":16,"column":4},"end":{"line":18,"column":5}},"11":{"start":{"line":17,"column":6},"end":{"line":17,"column":84}},"12":{"start":{"line":19,"column":4},"end":{"line":19,"column":47}},"13":{"start":{"line":21,"column":4},"end":{"line":21,"column":16}},"14":{"start":{"line":13,"column":13},"end":{"line":13,"column":26}},"15":{"start":{"line":25,"column":29},"end":{"line":33,"column":1}},"16":{"start":{"line":26,"column":2},"end":{"line":32,"column":3}},"17":{"start":{"line":27,"column":21},"end":{"line":27,"column":75}},"18":{"start":{"line":28,"column":20},"end":{"line":28,"column":74}},"19":{"start":{"line":29,"column":4},"end":{"line":29,"column":59}},"20":{"start":{"line":31,"column":4},"end":{"line":31,"column":16}},"21":{"start":{"line":25,"column":13},"end":{"line":25,"column":29}},"22":{"start":{"line":35,"column":29},"end":{"line":43,"column":1}},"23":{"start":{"line":36,"column":2},"end":{"line":42,"column":3}},"24":{"start":{"line":37,"column":21},"end":{"line":37,"column":75}},"25":{"start":{"line":38,"column":20},"end":{"line":38,"column":89}},"26":{"start":{"line":39,"column":4},"end":{"line":39,"column":47}},"27":{"start":{"line":41,"column":4},"end":{"line":41,"column":16}},"28":{"start":{"line":35,"column":13},"end":{"line":35,"column":29}},"29":{"start":{"line":45,"column":29},"end":{"line":52,"column":1}},"30":{"start":{"line":46,"column":2},"end":{"line":51,"column":3}},"31":{"start":{"line":47,"column":4},"end":{"line":47,"column":54}},"32":{"start":{"line":48,"column":4},"end":{"line":48,"column":60}},"33":{"start":{"line":50,"column":4},"end":{"line":50,"column":16}},"34":{"start":{"line":45,"column":13},"end":{"line":45,"column":29}}},"fnMap":{"0":{"name":"(anonymous_9)","decl":{"start":{"line":4,"column":27},"end":{"line":4,"column":32}},"loc":{"start":{"line":4,"column":85},"end":{"line":11,"column":1}}},"1":{"name":"(anonymous_10)","decl":{"start":{"line":13,"column":26},"end":{"line":13,"column":31}},"loc":{"start":{"line":13,"column":84},"end":{"line":23,"column":1}}},"2":{"name":"(anonymous_11)","decl":{"start":{"line":25,"column":29},"end":{"line":25,"column":34}},"loc":{"start":{"line":25,"column":87},"end":{"line":33,"column":1}}},"3":{"name":"(anonymous_12)","decl":{"start":{"line":35,"column":29},"end":{"line":35,"column":34}},"loc":{"start":{"line":35,"column":87},"end":{"line":43,"column":1}}},"4":{"name":"(anonymous_13)","decl":{"start":{"line":45,"column":29},"end":{"line":45,"column":34}},"loc":{"start":{"line":45,"column":87},"end":{"line":52,"column":1}}}},"branchMap":{"0":{"loc":{"start":{"line":16,"column":4},"end":{"line":18,"column":5}},"type":"if","locations":[{"start":{"line":16,"column":4},"end":{"line":18,"column":5}}]},"1":{"loc":{"start":{"line":27,"column":21},"end":{"line":27,"column":75}},"type":"cond-expr","locations":[{"start":{"line":27,"column":32},"end":{"line":27,"column":63}},{"start":{"line":27,"column":66},"end":{"line":27,"column":75}}]},"2":{"loc":{"start":{"line":37,"column":21},"end":{"line":37,"column":75}},"type":"cond-expr","locations":[{"start":{"line":37,"column":32},"end":{"line":37,"column":63}},{"start":{"line":37,"column":66},"end":{"line":37,"column":75}}]}},"s":{"0":3,"1":3,"2":1,"3":1,"4":1,"5":0,"6":3,"7":3,"8":0,"9":0,"10":0,"11":0,"12":0,"13":0,"14":3,"15":3,"16":0,"17":0,"18":0,"19":0,"20":0,"21":3,"22":3,"23":0,"24":0,"25":0,"26":0,"27":0,"28":3,"29":3,"30":0,"31":0,"32":0,"33":0,"34":3},"f":{"0":1,"1":0,"2":0,"3":0,"4":0},"b":{"0":[0],"1":[0,0],"2":[0,0]}}
,"D:\\vs\\DECI_L5_FirstTerm_Project\\ecommerce-platform\\backend\\src\\controllers\\user.controller.ts": {"path":"D:\\vs\\DECI_L5_FirstTerm_Project\\ecommerce-platform\\backend\\src\\controllers\\user.controller.ts","statementMap":{"0":{"start":{"line":2,"column":0},"end":{"line":2,"column":40}},"1":{"start":{"line":4,"column":24},"end":{"line":13,"column":1}},"2":{"start":{"line":5,"column":2},"end":{"line":12,"column":3}},"3":{"start":{"line":6,"column":18},"end":{"line":8,"column":6}},"4":{"start":{"line":9,"column":4},"end":{"line":9,"column":45}},"5":{"start":{"line":11,"column":4},"end":{"line":11,"column":16}},"6":{"start":{"line":4,"column":13},"end":{"line":4,"column":24}},"7":{"start":{"line":15,"column":28},"end":{"line":31,"column":1}},"8":{"start":{"line":16,"column":2},"end":{"line":30,"column":3}},"9":{"start":{"line":17,"column":67},"end":{"line":22,"column":6}},"10":{"start":{"line":24,"column":4},"end":{"line":27,"column":7}},"11":{"start":{"line":29,"column":4},"end":{"line":29,"column":16}},"12":{"start":{"line":15,"column":13},"end":{"line":15,"column":28}}},"fnMap":{"0":{"name":"(anonymous_1)","decl":{"start":{"line":4,"column":24},"end":{"line":4,"column":29}},"loc":{"start":{"line":4,"column":82},"end":{"line":13,"column":1}}},"1":{"name":"(anonymous_2)","decl":{"start":{"line":15,"column":28},"end":{"line":15,"column":33}},"loc":{"start":{"line":15,"column":86},"end":{"line":31,"column":1}}}},"branchMap":{},"s":{"0":3,"1":3,"2":0,"3":0,"4":0,"5":0,"6":3,"7":3,"8":0,"9":0,"10":0,"11":0,"12":3},"f":{"0":0,"1":0},"b":{}}
,"D:\\vs\\DECI_L5_FirstTerm_Project\\ecommerce-platform\\backend\\src\\middleware\\auth.middleware.ts": {"path":"D:\\vs\\DECI_L5_FirstTerm_Project\\ecommerce-platform\\backend\\src\\middleware\\auth.middleware.ts","statementMap":{"0":{"start":{"line":2,"column":0},"end":{"line":2,"column":32}},"1":{"start":{"line":5,"column":13},"end":{"line":5,"column":77}},"2":{"start":{"line":7,"column":25},"end":{"line":20,"column":1}},"3":{"start":{"line":8,"column":2},"end":{"line":19,"column":4}},"4":{"start":{"line":9,"column":4},"end":{"line":11,"column":5}},"5":{"start":{"line":10,"column":6},"end":{"line":10,"column":63}},"6":{"start":{"line":13,"column":17},"end":{"line":13,"column":43}},"7":{"start":{"line":14,"column":4},"end":{"line":16,"column":5}},"8":{"start":{"line":15,"column":6},"end":{"line":15,"column":87}},"9":{"start":{"line":18,"column":4},"end":{"line":18,"column":11}},"10":{"start":{"line":7,"column":13},"end":{"line":7,"column":25}}},"fnMap":{"0":{"name":"(anonymous_1)","decl":{"start":{"line":7,"column":25},"end":{"line":7,"column":26}},"loc":{"start":{"line":7,"column":46},"end":{"line":20,"column":1}}},"1":{"name":"(anonymous_2)","decl":{"start":{"line":8,"column":9},"end":{"line":8,"column":10}},"loc":{"start":{"line":8,"column":61},"end":{"line":19,"column":3}}}},"branchMap":{"0":{"loc":{"start":{"line":9,"column":4},"end":{"line":11,"column":5}},"type":"if","locations":[{"start":{"line":9,"column":4},"end":{"line":11,"column":5}}]},"1":{"loc":{"start":{"line":14,"column":4},"end":{"line":16,"column":5}},"type":"if","locations":[{"start":{"line":14,"column":4},"end":{"line":16,"column":5}}]}},"s":{"0":3,"1":3,"2":3,"3":18,"4":0,"5":0,"6":0,"7":0,"8":0,"9":0,"10":3},"f":{"0":18,"1":0},"b":{"0":[0],"1":[0]}}
,"D:\\vs\\DECI_L5_FirstTerm_Project\\ecommerce-platform\\backend\\src\\middleware\\error.middleware.ts": {"path":"D:\\vs\\DECI_L5_FirstTerm_Project\\ecommerce-platform\\backend\\src\\middleware\\error.middleware.ts","statementMap":{"0":{"start":{"line":7,"column":28},"end":{"line":23,"column":1}},"1":{"start":{"line":13,"column":21},"end":{"line":13,"column":42}},"2":{"start":{"line":14,"column":18},"end":{"line":14,"column":56}},"3":{"start":{"line":16,"column":2},"end":{"line":16,"column":53}},"4":{"start":{"line":18,"column":2},"end":{"line":22,"column":5}},"5":{"start":{"line":7,"column":13},"end":{"line":7,"column":28}},"6":{"start":{"line":25,"column":24},"end":{"line":29,"column":1}},"7":{"start":{"line":26,"column":16},"end":{"line":26,"column":71}},"8":{"start":{"line":27,"column":2},"end":{"line":27,"column":25}},"9":{"start":{"line":28,"column":2},"end":{"line":28,"column":14}},"10":{"start":{"line":25,"column":13},"end":{"line":25,"column":24}}},"fnMap":{"0":{"name":"(anonymous_0)","decl":{"start":{"line":7,"column":28},"end":{"line":7,"column":null}},"loc":{"start":{"line":12,"column":4},"end":{"line":23,"column":1}}},"1":{"name":"(anonymous_1)","decl":{"start":{"line":25,"column":24},"end":{"line":25,"column":25}},"loc":{"start":{"line":25,"column":76},"end":{"line":29,"column":1}}}},"branchMap":{"0":{"loc":{"start":{"line":13,"column":21},"end":{"line":13,"column":42}},"type":"binary-expr","locations":[{"start":{"line":13,"column":21},"end":{"line":13,"column":35}},{"start":{"line":13,"column":39},"end":{"line":13,"column":42}}]},"1":{"loc":{"start":{"line":14,"column":18},"end":{"line":14,"column":56}},"type":"binary-expr","locations":[{"start":{"line":14,"column":18},"end":{"line":14,"column":29}},{"start":{"line":14,"column":33},"end":{"line":14,"column":56}}]},"2":{"loc":{"start":{"line":21,"column":8},"end":{"line":21,"column":70}},"type":"binary-expr","locations":[{"start":{"line":21,"column":8},"end":{"line":21,"column":46}},{"start":{"line":21,"column":50},"end":{"line":21,"column":70}}]}},"s":{"0":3,"1":0,"2":0,"3":0,"4":0,"5":3,"6":3,"7":0,"8":0,"9":0,"10":3},"f":{"0":0,"1":0},"b":{"0":[0,0],"1":[0,0],"2":[0,0]}}
,"D:\\vs\\DECI_L5_FirstTerm_Project\\ecommerce-platform\\backend\\src\\middleware\\upload.middleware.ts": {"path":"D:\\vs\\DECI_L5_FirstTerm_Project\\ecommerce-platform\\backend\\src\\middleware\\upload.middleware.ts","statementMap":{"0":{"start":{"line":1,"column":0},"end":{"line":1,"column":28}},"1":{"start":{"line":2,"column":0},"end":{"line":2,"column":24}},"2":{"start":{"line":4,"column":16},"end":{"line":12,"column":2}},"3":{"start":{"line":6,"column":4},"end":{"line":6,"column":25}},"4":{"start":{"line":9,"column":25},"end":{"line":9,"column":75}},"5":{"start":{"line":10,"column":4},"end":{"line":10,"column":61}},"6":{"start":{"line":14,"column":19},"end":{"line":21,"column":1}},"7":{"start":{"line":15,"column":23},"end":{"line":15,"column":77}},"8":{"start":{"line":16,"column":2},"end":{"line":20,"column":3}},"9":{"start":{"line":17,"column":4},"end":{"line":17,"column":19}},"10":{"start":{"line":19,"column":4},"end":{"line":19,"column":57}},"11":{"start":{"line":23,"column":13},"end":{"line":27,"column":3}}},"fnMap":{"0":{"name":"(anonymous_1)","decl":{"start":{"line":5,"column":15},"end":{"line":5,"column":16}},"loc":{"start":{"line":5,"column":33},"end":{"line":7,"column":3}}},"1":{"name":"(anonymous_2)","decl":{"start":{"line":8,"column":12},"end":{"line":8,"column":13}},"loc":{"start":{"line":8,"column":30},"end":{"line":11,"column":3}}},"2":{"name":"(anonymous_3)","decl":{"start":{"line":14,"column":19},"end":{"line":14,"column":20}},"loc":{"start":{"line":14,"column":52},"end":{"line":21,"column":1}}}},"branchMap":{"0":{"loc":{"start":{"line":16,"column":2},"end":{"line":20,"column":3}},"type":"if","locations":[{"start":{"line":16,"column":2},"end":{"line":20,"column":3}},{"start":{"line":18,"column":9},"end":{"line":20,"column":3}}]}},"s":{"0":3,"1":3,"2":3,"3":0,"4":0,"5":0,"6":3,"7":0,"8":0,"9":0,"10":0,"11":3},"f":{"0":0,"1":0,"2":0},"b":{"0":[0,0]}}
,"D:\\vs\\DECI_L5_FirstTerm_Project\\ecommerce-platform\\backend\\src\\middleware\\validate.middleware.ts": {"path":"D:\\vs\\DECI_L5_FirstTerm_Project\\ecommerce-platform\\backend\\src\\middleware\\validate.middleware.ts","statementMap":{"0":{"start":{"line":2,"column":0},"end":{"line":2,"column":53}},"1":{"start":{"line":4,"column":24},"end":{"line":13,"column":1}},"2":{"start":{"line":5,"column":17},"end":{"line":5,"column":38}},"3":{"start":{"line":6,"column":2},"end":{"line":11,"column":3}},"4":{"start":{"line":7,"column":4},"end":{"line":10,"column":7}},"5":{"start":{"line":12,"column":2},"end":{"line":12,"column":9}},"6":{"start":{"line":4,"column":13},"end":{"line":4,"column":24}}},"fnMap":{"0":{"name":"(anonymous_0)","decl":{"start":{"line":4,"column":24},"end":{"line":4,"column":25}},"loc":{"start":{"line":4,"column":76},"end":{"line":13,"column":1}}}},"branchMap":{"0":{"loc":{"start":{"line":6,"column":2},"end":{"line":11,"column":3}},"type":"if","locations":[{"start":{"line":6,"column":2},"end":{"line":11,"column":3}}]}},"s":{"0":3,"1":3,"2":2,"3":2,"4":2,"5":0,"6":3},"f":{"0":2},"b":{"0":[2]}}
,"D:\\vs\\DECI_L5_FirstTerm_Project\\ecommerce-platform\\backend\\src\\routes\\auth.routes.ts": {"path":"D:\\vs\\DECI_L5_FirstTerm_Project\\ecommerce-platform\\backend\\src\\routes\\auth.routes.ts","statementMap":{"0":{"start":{"line":1,"column":0},"end":{"line":1,"column":33}},"1":{"start":{"line":2,"column":0},"end":{"line":2,"column":41}},"2":{"start":{"line":3,"column":0},"end":{"line":3,"column":88}},"3":{"start":{"line":4,"column":0},"end":{"line":4,"column":61}},"4":{"start":{"line":5,"column":0},"end":{"line":5,"column":61}},"5":{"start":{"line":6,"column":0},"end":{"line":6,"column":32}},"6":{"start":{"line":8,"column":15},"end":{"line":8,"column":23}},"7":{"start":{"line":10,"column":0},"end":{"line":15,"column":13}},"8":{"start":{"line":17,"column":0},"end":{"line":21,"column":10}},"9":{"start":{"line":23,"column":0},"end":{"line":23,"column":39}},"10":{"start":{"line":25,"column":0},"end":{"line":25,"column":88}},"11":{"start":{"line":27,"column":0},"end":{"line":30,"column":2}},"12":{"start":{"line":32,"column":0},"end":{"line":32,"column":22}}},"fnMap":{},"branchMap":{},"s":{"0":3,"1":3,"2":3,"3":3,"4":3,"5":3,"6":3,"7":3,"8":3,"9":3,"10":3,"11":3,"12":3},"f":{},"b":{}}
,"D:\\vs\\DECI_L5_FirstTerm_Project\\ecommerce-platform\\backend\\src\\routes\\cart.routes.ts": {"path":"D:\\vs\\DECI_L5_FirstTerm_Project\\ecommerce-platform\\backend\\src\\routes\\cart.routes.ts","statementMap":{"0":{"start":{"line":1,"column":0},"end":{"line":1,"column":33}},"1":{"start":{"line":2,"column":0},"end":{"line":2,"column":41}},"2":{"start":{"line":3,"column":0},"end":{"line":3,"column":100}},"3":{"start":{"line":4,"column":0},"end":{"line":4,"column":61}},"4":{"start":{"line":6,"column":15},"end":{"line":6,"column":23}},"5":{"start":{"line":8,"column":0},"end":{"line":8,"column":25}},"6":{"start":{"line":10,"column":0},"end":{"line":10,"column":25}},"7":{"start":{"line":11,"column":0},"end":{"line":14,"column":14}},"8":{"start":{"line":15,"column":0},"end":{"line":17,"column":19}},"9":{"start":{"line":18,"column":0},"end":{"line":18,"column":38}},"10":{"start":{"line":20,"column":0},"end":{"line":20,"column":22}}},"fnMap":{},"branchMap":{},"s":{"0":3,"1":3,"2":3,"3":3,"4":3,"5":3,"6":3,"7":3,"8":3,"9":3,"10":3},"f":{},"b":{}}
,"D:\\vs\\DECI_L5_FirstTerm_Project\\ecommerce-platform\\backend\\src\\routes\\category.routes.ts": {"path":"D:\\vs\\DECI_L5_FirstTerm_Project\\ecommerce-platform\\backend\\src\\routes\\category.routes.ts","statementMap":{"0":{"start":{"line":1,"column":0},"end":{"line":1,"column":33}},"1":{"start":{"line":2,"column":0},"end":{"line":2,"column":83}},"2":{"start":{"line":3,"column":0},"end":{"line":3,"column":72}},"3":{"start":{"line":5,"column":15},"end":{"line":5,"column":23}},"4":{"start":{"line":7,"column":0},"end":{"line":7,"column":31}},"5":{"start":{"line":8,"column":0},"end":{"line":8,"column":67}},"6":{"start":{"line":10,"column":0},"end":{"line":10,"column":22}}},"fnMap":{},"branchMap":{},"s":{"0":3,"1":3,"2":3,"3":3,"4":3,"5":3,"6":3},"f":{},"b":{}}
,"D:\\vs\\DECI_L5_FirstTerm_Project\\ecommerce-platform\\backend\\src\\routes\\order.routes.ts": {"path":"D:\\vs\\DECI_L5_FirstTerm_Project\\ecommerce-platform\\backend\\src\\routes\\order.routes.ts","statementMap":{"0":{"start":{"line":1,"column":0},"end":{"line":1,"column":33}},"1":{"start":{"line":2,"column":0},"end":{"line":2,"column":41}},"2":{"start":{"line":3,"column":0},"end":{"line":3,"column":97}},"3":{"start":{"line":4,"column":0},"end":{"line":4,"column":72}},"4":{"start":{"line":6,"column":15},"end":{"line":6,"column":23}},"5":{"start":{"line":8,"column":0},"end":{"line":8,"column":25}},"6":{"start":{"line":10,"column":0},"end":{"line":10,"column":30}},"7":{"start":{"line":11,"column":0},"end":{"line":11,"column":27}},"8":{"start":{"line":12,"column":0},"end":{"line":12,"column":29}},"9":{"start":{"line":13,"column":0},"end":{"line":15,"column":17}},"10":{"start":{"line":17,"column":0},"end":{"line":17,"column":22}}},"fnMap":{},"branchMap":{},"s":{"0":3,"1":3,"2":3,"3":3,"4":3,"5":3,"6":3,"7":3,"8":3,"9":3,"10":3},"f":{},"b":{}}
,"D:\\vs\\DECI_L5_FirstTerm_Project\\ecommerce-platform\\backend\\src\\routes\\product.routes.ts": {"path":"D:\\vs\\DECI_L5_FirstTerm_Project\\ecommerce-platform\\backend\\src\\routes\\product.routes.ts","statementMap":{"0":{"start":{"line":1,"column":0},"end":{"line":1,"column":33}},"1":{"start":{"line":2,"column":0},"end":{"line":2,"column":41}},"2":{"start":{"line":3,"column":0},"end":{"line":3,"column":121}},"3":{"start":{"line":4,"column":0},"end":{"line":4,"column":72}},"4":{"start":{"line":5,"column":0},"end":{"line":5,"column":57}},"5":{"start":{"line":6,"column":0},"end":{"line":6,"column":61}},"6":{"start":{"line":8,"column":15},"end":{"line":8,"column":23}},"7":{"start":{"line":10,"column":0},"end":{"line":10,"column":29}},"8":{"start":{"line":11,"column":0},"end":{"line":11,"column":31}},"9":{"start":{"line":12,"column":0},"end":{"line":19,"column":18}},"10":{"start":{"line":20,"column":0},"end":{"line":20,"column":92}},"11":{"start":{"line":21,"column":0},"end":{"line":21,"column":71}},"12":{"start":{"line":23,"column":0},"end":{"line":23,"column":22}}},"fnMap":{},"branchMap":{},"s":{"0":3,"1":3,"2":3,"3":3,"4":3,"5":3,"6":3,"7":3,"8":3,"9":3,"10":3,"11":3,"12":3},"f":{},"b":{}}
,"D:\\vs\\DECI_L5_FirstTerm_Project\\ecommerce-platform\\backend\\src\\routes\\user.routes.ts": {"path":"D:\\vs\\DECI_L5_FirstTerm_Project\\ecommerce-platform\\backend\\src\\routes\\user.routes.ts","statementMap":{"0":{"start":{"line":1,"column":0},"end":{"line":1,"column":33}},"1":{"start":{"line":2,"column":0},"end":{"line":2,"column":72}},"2":{"start":{"line":3,"column":0},"end":{"line":3,"column":72}},"3":{"start":{"line":5,"column":15},"end":{"line":5,"column":23}},"4":{"start":{"line":7,"column":0},"end":{"line":7,"column":45}},"5":{"start":{"line":9,"column":0},"end":{"line":9,"column":26}},"6":{"start":{"line":10,"column":0},"end":{"line":10,"column":35}},"7":{"start":{"line":12,"column":0},"end":{"line":12,"column":22}}},"fnMap":{},"branchMap":{},"s":{"0":3,"1":3,"2":3,"3":3,"4":3,"5":3,"6":3,"7":3},"f":{},"b":{}}
,"D:\\vs\\DECI_L5_FirstTerm_Project\\ecommerce-platform\\backend\\src\\services\\auth.service.ts": {"path":"D:\\vs\\DECI_L5_FirstTerm_Project\\ecommerce-platform\\backend\\src\\services\\auth.service.ts","statementMap":{"0":{"start":{"line":1,"column":0},"end":{"line":1,"column":40}},"1":{"start":{"line":2,"column":0},"end":{"line":2,"column":66}},"2":{"start":{"line":3,"column":0},"end":{"line":3,"column":45}},"3":{"start":{"line":4,"column":0},"end":{"line":4,"column":38}},"4":{"start":{"line":6,"column":24},"end":{"line":29,"column":1}},"5":{"start":{"line":11,"column":23},"end":{"line":11,"column":73}},"6":{"start":{"line":12,"column":2},"end":{"line":14,"column":3}},"7":{"start":{"line":13,"column":4},"end":{"line":13,"column":48}},"8":{"start":{"line":16,"column":25},"end":{"line":16,"column":53}},"9":{"start":{"line":18,"column":15},"end":{"line":25,"column":4}},"10":{"start":{"line":27,"column":16},"end":{"line":27,"column":35}},"11":{"start":{"line":28,"column":2},"end":{"line":28,"column":95}},"12":{"start":{"line":6,"column":13},"end":{"line":6,"column":24}},"13":{"start":{"line":31,"column":21},"end":{"line":44,"column":1}},"14":{"start":{"line":32,"column":15},"end":{"line":32,"column":65}},"15":{"start":{"line":33,"column":2},"end":{"line":35,"column":3}},"16":{"start":{"line":34,"column":4},"end":{"line":34,"column":43}},"17":{"start":{"line":37,"column":18},"end":{"line":37,"column":64}},"18":{"start":{"line":38,"column":2},"end":{"line":40,"column":3}},"19":{"start":{"line":39,"column":4},"end":{"line":39,"column":43}},"20":{"start":{"line":42,"column":16},"end":{"line":42,"column":35}},"21":{"start":{"line":43,"column":2},"end":{"line":43,"column":95}},"22":{"start":{"line":31,"column":13},"end":{"line":31,"column":21}},"23":{"start":{"line":46,"column":30},"end":{"line":57,"column":1}},"24":{"start":{"line":47,"column":15},"end":{"line":50,"column":4}},"25":{"start":{"line":52,"column":2},"end":{"line":54,"column":3}},"26":{"start":{"line":53,"column":4},"end":{"line":53,"column":38}},"27":{"start":{"line":56,"column":2},"end":{"line":56,"column":14}},"28":{"start":{"line":46,"column":13},"end":{"line":46,"column":30}}},"fnMap":{"0":{"name":"(anonymous_1)","decl":{"start":{"line":6,"column":24},"end":{"line":6,"column":29}},"loc":{"start":{"line":10,"column":4},"end":{"line":29,"column":1}}},"1":{"name":"(anonymous_2)","decl":{"start":{"line":31,"column":21},"end":{"line":31,"column":26}},"loc":{"start":{"line":31,"column":63},"end":{"line":44,"column":1}}},"2":{"name":"(anonymous_3)","decl":{"start":{"line":46,"column":30},"end":{"line":46,"column":35}},"loc":{"start":{"line":46,"column":55},"end":{"line":57,"column":1}}}},"branchMap":{"0":{"loc":{"start":{"line":12,"column":2},"end":{"line":14,"column":3}},"type":"if","locations":[{"start":{"line":12,"column":2},"end":{"line":14,"column":3}}]},"1":{"loc":{"start":{"line":33,"column":2},"end":{"line":35,"column":3}},"type":"if","locations":[{"start":{"line":33,"column":2},"end":{"line":35,"column":3}}]},"2":{"loc":{"start":{"line":33,"column":6},"end":{"line":33,"column":29}},"type":"binary-expr","locations":[{"start":{"line":33,"column":6},"end":{"line":33,"column":11}},{"start":{"line":33,"column":15},"end":{"line":33,"column":29}}]},"3":{"loc":{"start":{"line":38,"column":2},"end":{"line":40,"column":3}},"type":"if","locations":[{"start":{"line":38,"column":2},"end":{"line":40,"column":3}}]},"4":{"loc":{"start":{"line":52,"column":2},"end":{"line":54,"column":3}},"type":"if","locations":[{"start":{"line":52,"column":2},"end":{"line":54,"column":3}}]}},"s":{"0":4,"1":4,"2":4,"3":4,"4":4,"5":2,"6":2,"7":1,"8":1,"9":1,"10":1,"11":1,"12":4,"13":4,"14":2,"15":2,"16":1,"17":1,"18":1,"19":0,"20":1,"21":1,"22":4,"23":4,"24":0,"25":0,"26":0,"27":0,"28":4},"f":{"0":2,"1":2,"2":0},"b":{"0":[1],"1":[1],"2":[2,1],"3":[0],"4":[0]}}
,"D:\\vs\\DECI_L5_FirstTerm_Project\\ecommerce-platform\\backend\\src\\services\\cart.service.ts": {"path":"D:\\vs\\DECI_L5_FirstTerm_Project\\ecommerce-platform\\backend\\src\\services\\cart.service.ts","statementMap":{"0":{"start":{"line":1,"column":0},"end":{"line":1,"column":40}},"1":{"start":{"line":3,"column":23},"end":{"line":22,"column":1}},"2":{"start":{"line":4,"column":20},"end":{"line":12,"column":4}},"3":{"start":{"line":14,"column":16},"end":{"line":16,"column":7}},"4":{"start":{"line":15,"column":4},"end":{"line":15,"column":62}},"5":{"start":{"line":18,"column":2},"end":{"line":21,"column":4}},"6":{"start":{"line":3,"column":13},"end":{"line":3,"column":23}},"7":{"start":{"line":24,"column":25},"end":{"line":52,"column":1}},"8":{"start":{"line":25,"column":23},"end":{"line":32,"column":4}},"9":{"start":{"line":34,"column":2},"end":{"line":40,"column":3}},"10":{"start":{"line":35,"column":4},"end":{"line":39,"column":7}},"11":{"start":{"line":42,"column":2},"end":{"line":51,"column":5}},"12":{"start":{"line":24,"column":13},"end":{"line":24,"column":25}},"13":{"start":{"line":54,"column":30},"end":{"line":68,"column":1}},"14":{"start":{"line":55,"column":2},"end":{"line":59,"column":3}},"15":{"start":{"line":56,"column":4},"end":{"line":58,"column":7}},"16":{"start":{"line":61,"column":2},"end":{"line":67,"column":5}},"17":{"start":{"line":54,"column":13},"end":{"line":54,"column":30}},"18":{"start":{"line":70,"column":30},"end":{"line":74,"column":1}},"19":{"start":{"line":71,"column":2},"end":{"line":73,"column":5}},"20":{"start":{"line":70,"column":13},"end":{"line":70,"column":30}},"21":{"start":{"line":76,"column":25},"end":{"line":80,"column":1}},"22":{"start":{"line":77,"column":2},"end":{"line":79,"column":5}},"23":{"start":{"line":76,"column":13},"end":{"line":76,"column":25}}},"fnMap":{"0":{"name":"(anonymous_1)","decl":{"start":{"line":3,"column":23},"end":{"line":3,"column":28}},"loc":{"start":{"line":3,"column":48},"end":{"line":22,"column":1}}},"1":{"name":"(anonymous_2)","decl":{"start":{"line":14,"column":33},"end":{"line":14,"column":34}},"loc":{"start":{"line":14,"column":47},"end":{"line":16,"column":3}}},"2":{"name":"(anonymous_3)","decl":{"start":{"line":24,"column":25},"end":{"line":24,"column":30}},"loc":{"start":{"line":24,"column":87},"end":{"line":52,"column":1}}},"3":{"name":"(anonymous_4)","decl":{"start":{"line":54,"column":30},"end":{"line":54,"column":35}},"loc":{"start":{"line":54,"column":73},"end":{"line":68,"column":1}}},"4":{"name":"(anonymous_5)","decl":{"start":{"line":70,"column":30},"end":{"line":70,"column":35}},"loc":{"start":{"line":70,"column":55},"end":{"line":74,"column":1}}},"5":{"name":"(anonymous_6)","decl":{"start":{"line":76,"column":25},"end":{"line":76,"column":30}},"loc":{"start":{"line":76,"column":50},"end":{"line":80,"column":1}}}},"branchMap":{"0":{"loc":{"start":{"line":34,"column":2},"end":{"line":40,"column":3}},"type":"if","locations":[{"start":{"line":34,"column":2},"end":{"line":40,"column":3}}]},"1":{"loc":{"start":{"line":55,"column":2},"end":{"line":59,"column":3}},"type":"if","locations":[{"start":{"line":55,"column":2},"end":{"line":59,"column":3}}]}},"s":{"0":4,"1":4,"2":1,"3":1,"4":1,"5":1,"6":4,"7":4,"8":0,"9":0,"10":0,"11":0,"12":4,"13":4,"14":0,"15":0,"16":0,"17":4,"18":4,"19":0,"20":4,"21":4,"22":0,"23":4},"f":{"0":1,"1":1,"2":0,"3":0,"4":0,"5":0},"b":{"0":[0],"1":[0]}}
,"D:\\vs\\DECI_L5_FirstTerm_Project\\ecommerce-platform\\backend\\src\\services\\order.service.ts": {"path":"D:\\vs\\DECI_L5_FirstTerm_Project\\ecommerce-platform\\backend\\src\\services\\order.service.ts","statementMap":{"0":{"start":{"line":1,"column":0},"end":{"line":1,"column":40}},"1":{"start":{"line":4,"column":27},"end":{"line":65,"column":1}},"2":{"start":{"line":5,"column":2},"end":{"line":64,"column":5}},"3":{"start":{"line":7,"column":22},"end":{"line":10,"column":6}},"4":{"start":{"line":12,"column":4},"end":{"line":14,"column":5}},"5":{"start":{"line":13,"column":6},"end":{"line":13,"column":39}},"6":{"start":{"line":17,"column":4},"end":{"line":21,"column":5}},"7":{"start":{"line":18,"column":6},"end":{"line":20,"column":7}},"8":{"start":{"line":19,"column":8},"end":{"line":19,"column":71}},"9":{"start":{"line":24,"column":18},"end":{"line":26,"column":9}},"10":{"start":{"line":25,"column":6},"end":{"line":25,"column":64}},"11":{"start":{"line":29,"column":18},"end":{"line":48,"column":6}},"12":{"start":{"line":35,"column":41},"end":{"line":39,"column":12}},"13":{"start":{"line":51,"column":4},"end":{"line":56,"column":5}},"14":{"start":{"line":52,"column":6},"end":{"line":55,"column":9}},"15":{"start":{"line":59,"column":4},"end":{"line":61,"column":7}},"16":{"start":{"line":63,"column":4},"end":{"line":63,"column":17}},"17":{"start":{"line":4,"column":13},"end":{"line":4,"column":27}},"18":{"start":{"line":67,"column":25},"end":{"line":80,"column":1}},"19":{"start":{"line":68,"column":16},"end":{"line":68,"column":40}},"20":{"start":{"line":70,"column":2},"end":{"line":79,"column":5}},"21":{"start":{"line":67,"column":13},"end":{"line":67,"column":25}},"22":{"start":{"line":82,"column":28},"end":{"line":92,"column":1}},"23":{"start":{"line":83,"column":2},"end":{"line":91,"column":5}},"24":{"start":{"line":82,"column":13},"end":{"line":82,"column":28}},"25":{"start":{"line":94,"column":33},"end":{"line":105,"column":1}},"26":{"start":{"line":95,"column":2},"end":{"line":104,"column":5}},"27":{"start":{"line":94,"column":13},"end":{"line":94,"column":33}}},"fnMap":{"0":{"name":"(anonymous_1)","decl":{"start":{"line":4,"column":27},"end":{"line":4,"column":32}},"loc":{"start":{"line":4,"column":52},"end":{"line":65,"column":1}}},"1":{"name":"(anonymous_2)","decl":{"start":{"line":5,"column":35},"end":{"line":5,"column":40}},"loc":{"start":{"line":5,"column":48},"end":{"line":64,"column":3}}},"2":{"name":"(anonymous_3)","decl":{"start":{"line":24,"column":35},"end":{"line":24,"column":36}},"loc":{"start":{"line":24,"column":49},"end":{"line":26,"column":5}}},"3":{"name":"(anonymous_4)","decl":{"start":{"line":35,"column":32},"end":{"line":35,"column":36}},"loc":{"start":{"line":35,"column":41},"end":{"line":39,"column":12}}},"4":{"name":"(anonymous_5)","decl":{"start":{"line":67,"column":25},"end":{"line":67,"column":30}},"loc":{"start":{"line":67,"column":51},"end":{"line":80,"column":1}}},"5":{"name":"(anonymous_6)","decl":{"start":{"line":82,"column":28},"end":{"line":82,"column":33}},"loc":{"start":{"line":82,"column":49},"end":{"line":92,"column":1}}},"6":{"name":"(anonymous_7)","decl":{"start":{"line":94,"column":33},"end":{"line":94,"column":38}},"loc":{"start":{"line":94,"column":75},"end":{"line":105,"column":1}}}},"branchMap":{"0":{"loc":{"start":{"line":12,"column":4},"end":{"line":14,"column":5}},"type":"if","locations":[{"start":{"line":12,"column":4},"end":{"line":14,"column":5}}]},"1":{"loc":{"start":{"line":18,"column":6},"end":{"line":20,"column":7}},"type":"if","locations":[{"start":{"line":18,"column":6},"end":{"line":20,"column":7}}]},"2":{"loc":{"start":{"line":68,"column":16},"end":{"line":68,"column":40}},"type":"cond-expr","locations":[{"start":{"line":68,"column":25},"end":{"line":68,"column":35}},{"start":{"line":68,"column":38},"end":{"line":68,"column":40}}]}},"s":{"0":3,"1":3,"2":0,"3":0,"4":0,"5":0,"6":0,"7":0,"8":0,"9":0,"10":0,"11":0,"12":0,"13":0,"14":0,"15":0,"16":0,"17":3,"18":3,"19":0,"20":0,"21":3,"22":3,"23":0,"24":3,"25":3,"26":0,"27":3},"f":{"0":0,"1":0,"2":0,"3":0,"4":0,"5":0,"6":0},"b":{"0":[0],"1":[0],"2":[0,0]}}
,"D:\\vs\\DECI_L5_FirstTerm_Project\\ecommerce-platform\\backend\\src\\services\\product.service.ts": {"path":"D:\\vs\\DECI_L5_FirstTerm_Project\\ecommerce-platform\\backend\\src\\services\\product.service.ts","statementMap":{"0":{"start":{"line":1,"column":0},"end":{"line":1,"column":40}},"1":{"start":{"line":3,"column":27},"end":{"line":46,"column":1}},"2":{"start":{"line":4,"column":115},"end":{"line":4,"column":122}},"3":{"start":{"line":6,"column":21},"end":{"line":6,"column":23}},"4":{"start":{"line":8,"column":2},"end":{"line":13,"column":3}},"5":{"start":{"line":9,"column":4},"end":{"line":12,"column":6}},"6":{"start":{"line":15,"column":2},"end":{"line":17,"column":3}},"7":{"start":{"line":16,"column":4},"end":{"line":16,"column":40}},"8":{"start":{"line":19,"column":2},"end":{"line":23,"column":3}},"9":{"start":{"line":20,"column":4},"end":{"line":20,"column":21}},"10":{"start":{"line":21,"column":4},"end":{"line":21,"column":57}},"11":{"start":{"line":21,"column":18},"end":{"line":21,"column":57}},"12":{"start":{"line":22,"column":4},"end":{"line":22,"column":57}},"13":{"start":{"line":22,"column":18},"end":{"line":22,"column":57}},"14":{"start":{"line":25,"column":15},"end":{"line":25,"column":33}},"15":{"start":{"line":27,"column":28},"end":{"line":36,"column":4}},"16":{"start":{"line":38,"column":2},"end":{"line":45,"column":4}},"17":{"start":{"line":3,"column":13},"end":{"line":3,"column":27}},"18":{"start":{"line":48,"column":30},"end":{"line":53,"column":1}},"19":{"start":{"line":49,"column":2},"end":{"line":52,"column":5}},"20":{"start":{"line":48,"column":13},"end":{"line":48,"column":30}},"21":{"start":{"line":55,"column":29},"end":{"line":67,"column":1}},"22":{"start":{"line":56,"column":2},"end":{"line":66,"column":5}},"23":{"start":{"line":55,"column":13},"end":{"line":55,"column":29}},"24":{"start":{"line":69,"column":29},"end":{"line":87,"column":1}},"25":{"start":{"line":70,"column":26},"end":{"line":76,"column":4}},"26":{"start":{"line":78,"column":2},"end":{"line":80,"column":3}},"27":{"start":{"line":79,"column":4},"end":{"line":79,"column":35}},"28":{"start":{"line":82,"column":2},"end":{"line":86,"column":5}},"29":{"start":{"line":69,"column":13},"end":{"line":69,"column":29}},"30":{"start":{"line":89,"column":29},"end":{"line":93,"column":1}},"31":{"start":{"line":90,"column":2},"end":{"line":92,"column":5}},"32":{"start":{"line":89,"column":13},"end":{"line":89,"column":29}}},"fnMap":{"0":{"name":"(anonymous_1)","decl":{"start":{"line":3,"column":27},"end":{"line":3,"column":32}},"loc":{"start":{"line":3,"column":50},"end":{"line":46,"column":1}}},"1":{"name":"(anonymous_2)","decl":{"start":{"line":48,"column":30},"end":{"line":48,"column":35}},"loc":{"start":{"line":48,"column":51},"end":{"line":53,"column":1}}},"2":{"name":"(anonymous_3)","decl":{"start":{"line":55,"column":29},"end":{"line":55,"column":34}},"loc":{"start":{"line":55,"column":68},"end":{"line":67,"column":1}}},"3":{"name":"(anonymous_4)","decl":{"start":{"line":69,"column":29},"end":{"line":69,"column":34}},"loc":{"start":{"line":69,"column":80},"end":{"line":87,"column":1}}},"4":{"name":"(anonymous_5)","decl":{"start":{"line":89,"column":29},"end":{"line":89,"column":34}},"loc":{"start":{"line":89,"column":50},"end":{"line":93,"column":1}}}},"branchMap":{"0":{"loc":{"start":{"line":4,"column":48},"end":{"line":4,"column":68}},"type":"default-arg","locations":[{"start":{"line":4,"column":57},"end":{"line":4,"column":68}}]},"1":{"loc":{"start":{"line":4,"column":70},"end":{"line":4,"column":88}},"type":"default-arg","locations":[{"start":{"line":4,"column":82},"end":{"line":4,"column":88}}]},"2":{"loc":{"start":{"line":4,"column":90},"end":{"line":4,"column":98}},"type":"default-arg","locations":[{"start":{"line":4,"column":97},"end":{"line":4,"column":98}}]},"3":{"loc":{"start":{"line":4,"column":100},"end":{"line":4,"column":110}},"type":"default-arg","locations":[{"start":{"line":4,"column":108},"end":{"line":4,"column":110}}]},"4":{"loc":{"start":{"line":8,"column":2},"end":{"line":13,"column":3}},"type":"if","locations":[{"start":{"line":8,"column":2},"end":{"line":13,"column":3}}]},"5":{"loc":{"start":{"line":15,"column":2},"end":{"line":17,"column":3}},"type":"if","locations":[{"start":{"line":15,"column":2},"end":{"line":17,"column":3}}]},"6":{"loc":{"start":{"line":19,"column":2},"end":{"line":23,"column":3}},"type":"if","locations":[{"start":{"line":19,"column":2},"end":{"line":23,"column":3}}]},"7":{"loc":{"start":{"line":19,"column":6},"end":{"line":19,"column":26}},"type":"binary-expr","locations":[{"start":{"line":19,"column":6},"end":{"line":19,"column":14}},{"start":{"line":19,"column":18},"end":{"line":19,"column":26}}]},"8":{"loc":{"start":{"line":21,"column":4},"end":{"line":21,"column":57}},"type":"if","locations":[{"start":{"line":21,"column":4},"end":{"line":21,"column":57}}]},"9":{"loc":{"start":{"line":22,"column":4},"end":{"line":22,"column":57}},"type":"if","locations":[{"start":{"line":22,"column":4},"end":{"line":22,"column":57}}]},"10":{"loc":{"start":{"line":63,"column":16},"end":{"line":63,"column":32}},"type":"binary-expr","locations":[{"start":{"line":63,"column":16},"end":{"line":63,"column":24}},{"start":{"line":63,"column":28},"end":{"line":63,"column":32}}]},"11":{"loc":{"start":{"line":78,"column":2},"end":{"line":80,"column":3}},"type":"if","locations":[{"start":{"line":78,"column":2},"end":{"line":80,"column":3}}]}},"s":{"0":4,"1":4,"2":2,"3":2,"4":2,"5":0,"6":2,"7":0,"8":2,"9":0,"10":0,"11":0,"12":0,"13":0,"14":2,"15":2,"16":2,"17":4,"18":4,"19":0,"20":4,"21":4,"22":1,"23":4,"24":4,"25":0,"26":0,"27":0,"28":0,"29":4,"30":4,"31":0,"32":4},"f":{"0":2,"1":0,"2":1,"3":0,"4":0},"b":{"0":[2],"1":[2],"2":[1],"3":[1],"4":[0],"5":[0],"6":[0],"7":[2,2],"8":[0],"9":[0],"10":[1,1],"11":[0]}}
,"D:\\vs\\DECI_L5_FirstTerm_Project\\ecommerce-platform\\backend\\src\\utils\\jwt.ts": {"path":"D:\\vs\\DECI_L5_FirstTerm_Project\\ecommerce-platform\\backend\\src\\utils\\jwt.ts","statementMap":{"0":{"start":{"line":1,"column":0},"end":{"line":1,"column":31}},"1":{"start":{"line":4,"column":19},"end":{"line":4,"column":41}},"2":{"start":{"line":5,"column":0},"end":{"line":7,"column":1}},"3":{"start":{"line":6,"column":2},"end":{"line":6,"column":65}},"4":{"start":{"line":9,"column":29},"end":{"line":15,"column":1}},"5":{"start":{"line":10,"column":2},"end":{"line":14,"column":4}},"6":{"start":{"line":9,"column":13},"end":{"line":9,"column":29}},"7":{"start":{"line":17,"column":27},"end":{"line":19,"column":1}},"8":{"start":{"line":18,"column":2},"end":{"line":18,"column":39}},"9":{"start":{"line":17,"column":13},"end":{"line":17,"column":27}}},"fnMap":{"0":{"name":"(anonymous_1)","decl":{"start":{"line":9,"column":29},"end":{"line":9,"column":30}},"loc":{"start":{"line":9,"column":52},"end":{"line":15,"column":1}}},"1":{"name":"(anonymous_2)","decl":{"start":{"line":17,"column":27},"end":{"line":17,"column":28}},"loc":{"start":{"line":17,"column":50},"end":{"line":19,"column":1}}}},"branchMap":{"0":{"loc":{"start":{"line":5,"column":0},"end":{"line":7,"column":1}},"type":"if","locations":[{"start":{"line":5,"column":0},"end":{"line":7,"column":1}}]}},"s":{"0":4,"1":4,"2":4,"3":0,"4":4,"5":0,"6":4,"7":4,"8":0,"9":4},"f":{"0":0,"1":0},"b":{"0":[0]}}
,"D:\\vs\\DECI_L5_FirstTerm_Project\\ecommerce-platform\\backend\\src\\utils\\password.ts": {"path":"D:\\vs\\DECI_L5_FirstTerm_Project\\ecommerce-platform\\backend\\src\\utils\\password.ts","statementMap":{"0":{"start":{"line":1,"column":0},"end":{"line":1,"column":30}},"1":{"start":{"line":3,"column":28},"end":{"line":5,"column":1}},"2":{"start":{"line":4,"column":2},"end":{"line":4,"column":35}},"3":{"start":{"line":3,"column":13},"end":{"line":3,"column":28}},"4":{"start":{"line":7,"column":31},"end":{"line":12,"column":1}},"5":{"start":{"line":11,"column":2},"end":{"line":11,"column":50}},"6":{"start":{"line":7,"column":13},"end":{"line":7,"column":31}}},"fnMap":{"0":{"name":"(anonymous_1)","decl":{"start":{"line":3,"column":28},"end":{"line":3,"column":33}},"loc":{"start":{"line":3,"column":72},"end":{"line":5,"column":1}}},"1":{"name":"(anonymous_2)","decl":{"start":{"line":7,"column":31},"end":{"line":7,"column":36}},"loc":{"start":{"line":10,"column":22},"end":{"line":12,"column":1}}}},"branchMap":{},"s":{"0":4,"1":4,"2":0,"3":4,"4":4,"5":0,"6":4},"f":{"0":0,"1":0},"b":{}}
}
