{"D:\\vs\\DECI_L5_FirstTerm_Project\\ecommerce-platform\\backend\\src\\config\\database.ts": {"path":"D:\\vs\\DECI_L5_FirstTerm_Project\\ecommerce-platform\\backend\\src\\config\\database.ts","statementMap":{"0":{"start":{"line":1,"column":0},"end":{"line":1,"column":46}},"1":{"start":{"line":3,"column":15},"end":{"line":5,"column":2}},"2":{"start":{"line":7,"column":0},"end":{"line":7,"column":22}}},"fnMap":{},"branchMap":{"0":{"loc":{"start":{"line":4,"column":7},"end":{"line":4,"column":86}},"type":"cond-expr","locations":[{"start":{"line":4,"column":48},"end":{"line":4,"column":74}},{"start":{"line":4,"column":77},"end":{"line":4,"column":86}}]}},"s":{"0":0,"1":0,"2":0},"f":{},"b":{"0":[0,0]}}
,"D:\\vs\\DECI_L5_FirstTerm_Project\\ecommerce-platform\\backend\\src\\config\\passport.ts": {"path":"D:\\vs\\DECI_L5_FirstTerm_Project\\ecommerce-platform\\backend\\src\\config\\passport.ts","statementMap":{"0":{"start":{"line":1,"column":0},"end":{"line":1,"column":32}},"1":{"start":{"line":2,"column":0},"end":{"line":2,"column":69}},"2":{"start":{"line":3,"column":0},"end":{"line":3,"column":67}},"3":{"start":{"line":4,"column":0},"end":{"line":4,"column":32}},"4":{"start":{"line":6,"column":19},"end":{"line":6,"column":41}},"5":{"start":{"line":7,"column":0},"end":{"line":9,"column":1}},"6":{"start":{"line":8,"column":2},"end":{"line":8,"column":65}},"7":{"start":{"line":12,"column":0},"end":{"line":44,"column":1}},"8":{"start":{"line":13,"column":2},"end":{"line":43,"column":4}},"9":{"start":{"line":21,"column":8},"end":{"line":40,"column":9}},"10":{"start":{"line":22,"column":21},"end":{"line":24,"column":12}},"11":{"start":{"line":26,"column":10},"end":{"line":35,"column":11}},"12":{"start":{"line":27,"column":12},"end":{"line":34,"column":15}},"13":{"start":{"line":37,"column":10},"end":{"line":37,"column":27}},"14":{"start":{"line":39,"column":10},"end":{"line":39,"column":29}},"15":{"start":{"line":47,"column":0},"end":{"line":69,"column":2}},"16":{"start":{"line":54,"column":6},"end":{"line":66,"column":7}},"17":{"start":{"line":55,"column":21},"end":{"line":57,"column":10}},"18":{"start":{"line":59,"column":8},"end":{"line":63,"column":9}},"19":{"start":{"line":60,"column":10},"end":{"line":60,"column":27}},"20":{"start":{"line":62,"column":10},"end":{"line":62,"column":28}},"21":{"start":{"line":65,"column":8},"end":{"line":65,"column":27}},"22":{"start":{"line":71,"column":0},"end":{"line":71,"column":24}}},"fnMap":{"0":{"name":"(anonymous_1)","decl":{"start":{"line":20,"column":6},"end":{"line":20,"column":11}},"loc":{"start":{"line":20,"column":57},"end":{"line":41,"column":7}}},"1":{"name":"(anonymous_2)","decl":{"start":{"line":53,"column":4},"end":{"line":53,"column":9}},"loc":{"start":{"line":53,"column":28},"end":{"line":67,"column":5}}}},"branchMap":{"0":{"loc":{"start":{"line":7,"column":0},"end":{"line":9,"column":1}},"type":"if","locations":[{"start":{"line":7,"column":0},"end":{"line":9,"column":1}}]},"1":{"loc":{"start":{"line":12,"column":0},"end":{"line":44,"column":1}},"type":"if","locations":[{"start":{"line":12,"column":0},"end":{"line":44,"column":1}}]},"2":{"loc":{"start":{"line":12,"column":4},"end":{"line":12,"column":68}},"type":"binary-expr","locations":[{"start":{"line":12,"column":4},"end":{"line":12,"column":32}},{"start":{"line":12,"column":36},"end":{"line":12,"column":68}}]},"3":{"loc":{"start":{"line":26,"column":10},"end":{"line":35,"column":11}},"type":"if","locations":[{"start":{"line":26,"column":10},"end":{"line":35,"column":11}}]},"4":{"loc":{"start":{"line":59,"column":8},"end":{"line":63,"column":9}},"type":"if","locations":[{"start":{"line":59,"column":8},"end":{"line":63,"column":9}},{"start":{"line":61,"column":15},"end":{"line":63,"column":9}}]}},"s":{"0":0,"1":0,"2":0,"3":0,"4":0,"5":0,"6":0,"7":0,"8":0,"9":0,"10":0,"11":0,"12":0,"13":0,"14":0,"15":0,"16":0,"17":0,"18":0,"19":0,"20":0,"21":0,"22":0},"f":{"0":0,"1":0},"b":{"0":[0],"1":[0],"2":[0,0],"3":[0],"4":[0,0]}}
,"D:\\vs\\DECI_L5_FirstTerm_Project\\ecommerce-platform\\backend\\src\\middleware\\error.middleware.ts": {"path":"D:\\vs\\DECI_L5_FirstTerm_Project\\ecommerce-platform\\backend\\src\\middleware\\error.middleware.ts","statementMap":{"0":{"start":{"line":7,"column":28},"end":{"line":23,"column":1}},"1":{"start":{"line":13,"column":21},"end":{"line":13,"column":42}},"2":{"start":{"line":14,"column":18},"end":{"line":14,"column":56}},"3":{"start":{"line":16,"column":2},"end":{"line":16,"column":53}},"4":{"start":{"line":18,"column":2},"end":{"line":22,"column":5}},"5":{"start":{"line":7,"column":13},"end":{"line":7,"column":28}},"6":{"start":{"line":25,"column":24},"end":{"line":29,"column":1}},"7":{"start":{"line":26,"column":16},"end":{"line":26,"column":71}},"8":{"start":{"line":27,"column":2},"end":{"line":27,"column":25}},"9":{"start":{"line":28,"column":2},"end":{"line":28,"column":14}},"10":{"start":{"line":25,"column":13},"end":{"line":25,"column":24}}},"fnMap":{"0":{"name":"(anonymous_0)","decl":{"start":{"line":7,"column":28},"end":{"line":7,"column":null}},"loc":{"start":{"line":12,"column":4},"end":{"line":23,"column":1}}},"1":{"name":"(anonymous_1)","decl":{"start":{"line":25,"column":24},"end":{"line":25,"column":25}},"loc":{"start":{"line":25,"column":76},"end":{"line":29,"column":1}}}},"branchMap":{"0":{"loc":{"start":{"line":13,"column":21},"end":{"line":13,"column":42}},"type":"binary-expr","locations":[{"start":{"line":13,"column":21},"end":{"line":13,"column":35}},{"start":{"line":13,"column":39},"end":{"line":13,"column":42}}]},"1":{"loc":{"start":{"line":14,"column":18},"end":{"line":14,"column":56}},"type":"binary-expr","locations":[{"start":{"line":14,"column":18},"end":{"line":14,"column":29}},{"start":{"line":14,"column":33},"end":{"line":14,"column":56}}]},"2":{"loc":{"start":{"line":21,"column":8},"end":{"line":21,"column":70}},"type":"binary-expr","locations":[{"start":{"line":21,"column":8},"end":{"line":21,"column":46}},{"start":{"line":21,"column":50},"end":{"line":21,"column":70}}]}},"s":{"0":0,"1":0,"2":0,"3":0,"4":0,"5":0,"6":0,"7":0,"8":0,"9":0,"10":0},"f":{"0":0,"1":0},"b":{"0":[0,0],"1":[0,0],"2":[0,0]}}
,"D:\\vs\\DECI_L5_FirstTerm_Project\\ecommerce-platform\\backend\\src\\middleware\\upload.middleware.ts": {"path":"D:\\vs\\DECI_L5_FirstTerm_Project\\ecommerce-platform\\backend\\src\\middleware\\upload.middleware.ts","statementMap":{"0":{"start":{"line":1,"column":0},"end":{"line":1,"column":28}},"1":{"start":{"line":2,"column":0},"end":{"line":2,"column":24}},"2":{"start":{"line":4,"column":16},"end":{"line":12,"column":2}},"3":{"start":{"line":6,"column":4},"end":{"line":6,"column":25}},"4":{"start":{"line":9,"column":25},"end":{"line":9,"column":75}},"5":{"start":{"line":10,"column":4},"end":{"line":10,"column":61}},"6":{"start":{"line":14,"column":19},"end":{"line":21,"column":1}},"7":{"start":{"line":15,"column":23},"end":{"line":15,"column":77}},"8":{"start":{"line":16,"column":2},"end":{"line":20,"column":3}},"9":{"start":{"line":17,"column":4},"end":{"line":17,"column":19}},"10":{"start":{"line":19,"column":4},"end":{"line":19,"column":57}},"11":{"start":{"line":23,"column":13},"end":{"line":27,"column":3}}},"fnMap":{"0":{"name":"(anonymous_1)","decl":{"start":{"line":5,"column":15},"end":{"line":5,"column":16}},"loc":{"start":{"line":5,"column":33},"end":{"line":7,"column":3}}},"1":{"name":"(anonymous_2)","decl":{"start":{"line":8,"column":12},"end":{"line":8,"column":13}},"loc":{"start":{"line":8,"column":30},"end":{"line":11,"column":3}}},"2":{"name":"(anonymous_3)","decl":{"start":{"line":14,"column":19},"end":{"line":14,"column":20}},"loc":{"start":{"line":14,"column":52},"end":{"line":21,"column":1}}}},"branchMap":{"0":{"loc":{"start":{"line":16,"column":2},"end":{"line":20,"column":3}},"type":"if","locations":[{"start":{"line":16,"column":2},"end":{"line":20,"column":3}},{"start":{"line":18,"column":9},"end":{"line":20,"column":3}}]}},"s":{"0":0,"1":0,"2":0,"3":0,"4":0,"5":0,"6":0,"7":0,"8":0,"9":0,"10":0,"11":0},"f":{"0":0,"1":0,"2":0},"b":{"0":[0,0]}}
,"D:\\vs\\DECI_L5_FirstTerm_Project\\ecommerce-platform\\backend\\src\\utils\\password.ts": {"path":"D:\\vs\\DECI_L5_FirstTerm_Project\\ecommerce-platform\\backend\\src\\utils\\password.ts","statementMap":{"0":{"start":{"line":1,"column":0},"end":{"line":1,"column":30}},"1":{"start":{"line":3,"column":28},"end":{"line":5,"column":1}},"2":{"start":{"line":4,"column":2},"end":{"line":4,"column":35}},"3":{"start":{"line":3,"column":13},"end":{"line":3,"column":28}},"4":{"start":{"line":7,"column":31},"end":{"line":12,"column":1}},"5":{"start":{"line":11,"column":2},"end":{"line":11,"column":50}},"6":{"start":{"line":7,"column":13},"end":{"line":7,"column":31}}},"fnMap":{"0":{"name":"(anonymous_1)","decl":{"start":{"line":3,"column":28},"end":{"line":3,"column":33}},"loc":{"start":{"line":3,"column":72},"end":{"line":5,"column":1}}},"1":{"name":"(anonymous_2)","decl":{"start":{"line":7,"column":31},"end":{"line":7,"column":36}},"loc":{"start":{"line":10,"column":22},"end":{"line":12,"column":1}}}},"branchMap":{},"s":{"0":0,"1":0,"2":0,"3":0,"4":0,"5":0,"6":0},"f":{"0":0,"1":0},"b":{}}
}
