TN:
SF:src\app.ts
FN:57,(anonymous_1)
FNF:1
FNH:0
FNDA:0,(anonymous_1)
DA:1,3
DA:2,3
DA:4,3
DA:5,3
DA:6,3
DA:7,3
DA:8,3
DA:9,3
DA:10,3
DA:11,3
DA:13,3
DA:14,3
DA:15,3
DA:16,3
DA:17,3
DA:18,3
DA:20,3
DA:23,3
DA:26,3
DA:30,3
DA:33,3
DA:36,3
DA:39,3
DA:40,3
DA:43,3
DA:46,3
DA:49,3
DA:50,3
DA:51,3
DA:52,3
DA:53,3
DA:54,3
DA:57,3
DA:58,0
DA:62,3
DA:63,3
DA:65,3
LF:37
LH:36
BRDA:36,0,0,3
BRDA:36,0,1,0
BRF:2
BRH:1
end_of_record
TN:
SF:src\config\database.ts
FNF:0
FNH:0
DA:1,3
DA:3,3
DA:7,3
LF:3
LH:3
BRDA:4,0,0,0
BRDA:4,0,1,3
BRF:2
BRH:1
end_of_record
TN:
SF:src\config\passport.ts
FN:20,(anonymous_1)
FN:53,(anonymous_2)
FNF:2
FNH:0
FNDA:0,(anonymous_1)
FNDA:0,(anonymous_2)
DA:1,3
DA:2,3
DA:3,3
DA:4,3
DA:6,3
DA:7,3
DA:8,0
DA:12,3
DA:13,3
DA:21,0
DA:22,0
DA:26,0
DA:27,0
DA:37,0
DA:39,0
DA:47,3
DA:54,0
DA:55,0
DA:59,0
DA:60,0
DA:62,0
DA:65,0
DA:71,3
LF:23
LH:10
BRDA:7,0,0,0
BRDA:12,1,0,3
BRDA:12,2,0,3
BRDA:12,2,1,3
BRDA:26,3,0,0
BRDA:59,4,0,0
BRDA:59,4,1,0
BRF:7
BRH:3
end_of_record
TN:
SF:src\controllers\auth.controller.ts
FN:5,(anonymous_9)
FN:15,(anonymous_10)
FN:25,(anonymous_11)
FN:34,(anonymous_12)
FNF:4
FNH:0
FNDA:0,(anonymous_9)
FNDA:0,(anonymous_10)
FNDA:0,(anonymous_11)
FNDA:0,(anonymous_12)
DA:2,3
DA:5,3
DA:6,0
DA:7,0
DA:8,0
DA:9,0
DA:11,0
DA:15,3
DA:16,0
DA:17,0
DA:18,0
DA:19,0
DA:21,0
DA:25,3
DA:26,0
DA:27,0
DA:28,0
DA:30,0
DA:34,3
DA:35,0
DA:36,0
DA:37,0
LF:22
LH:5
BRF:0
BRH:0
end_of_record
TN:
SF:src\controllers\cart.controller.ts
FN:4,(anonymous_9)
FN:13,(anonymous_10)
FN:23,(anonymous_11)
FN:32,(anonymous_12)
FNF:4
FNH:0
FNDA:0,(anonymous_9)
FNDA:0,(anonymous_10)
FNDA:0,(anonymous_11)
FNDA:0,(anonymous_12)
DA:2,3
DA:4,3
DA:5,0
DA:6,0
DA:7,0
DA:9,0
DA:13,3
DA:14,0
DA:15,0
DA:16,0
DA:17,0
DA:19,0
DA:23,3
DA:24,0
DA:25,0
DA:26,0
DA:28,0
DA:32,3
DA:33,0
DA:34,0
DA:35,0
DA:37,0
LF:22
LH:5
BRDA:16,0,0,0
BRDA:16,0,1,0
BRF:2
BRH:0
end_of_record
TN:
SF:src\controllers\category.controller.ts
FN:4,(anonymous_1)
FN:17,(anonymous_2)
FNF:2
FNH:0
FNDA:0,(anonymous_1)
FNDA:0,(anonymous_2)
DA:2,3
DA:4,3
DA:5,0
DA:6,0
DA:11,0
DA:13,0
DA:17,3
DA:18,0
DA:19,0
DA:20,0
DA:23,0
DA:25,0
LF:12
LH:3
BRF:0
BRH:0
end_of_record
TN:
SF:src\controllers\order.controller.ts
FN:4,(anonymous_9)
FN:13,(anonymous_10)
FN:23,(anonymous_11)
FN:32,(anonymous_12)
FNF:4
FNH:0
FNDA:0,(anonymous_9)
FNDA:0,(anonymous_10)
FNDA:0,(anonymous_11)
FNDA:0,(anonymous_12)
DA:2,3
DA:4,3
DA:5,0
DA:6,0
DA:7,0
DA:9,0
DA:13,3
DA:14,0
DA:15,0
DA:16,0
DA:17,0
DA:19,0
DA:23,3
DA:24,0
DA:25,0
DA:26,0
DA:28,0
DA:32,3
DA:33,0
DA:34,0
DA:35,0
DA:37,0
LF:22
LH:5
BRDA:15,0,0,0
BRDA:15,0,1,0
BRF:2
BRH:0
end_of_record
TN:
SF:src\controllers\product.controller.ts
FN:4,(anonymous_9)
FN:13,(anonymous_10)
FN:25,(anonymous_11)
FN:35,(anonymous_12)
FN:45,(anonymous_13)
FNF:5
FNH:1
FNDA:1,(anonymous_9)
FNDA:0,(anonymous_10)
FNDA:0,(anonymous_11)
FNDA:0,(anonymous_12)
FNDA:0,(anonymous_13)
DA:2,3
DA:4,3
DA:5,1
DA:6,1
DA:7,1
DA:9,0
DA:13,3
DA:14,0
DA:15,0
DA:16,0
DA:17,0
DA:19,0
DA:21,0
DA:25,3
DA:26,0
DA:27,0
DA:28,0
DA:29,0
DA:31,0
DA:35,3
DA:36,0
DA:37,0
DA:38,0
DA:39,0
DA:41,0
DA:45,3
DA:46,0
DA:47,0
DA:48,0
DA:50,0
LF:30
LH:9
BRDA:16,0,0,0
BRDA:27,1,0,0
BRDA:27,1,1,0
BRDA:37,2,0,0
BRDA:37,2,1,0
BRF:5
BRH:0
end_of_record
TN:
SF:src\controllers\user.controller.ts
FN:4,(anonymous_1)
FN:15,(anonymous_2)
FNF:2
FNH:0
FNDA:0,(anonymous_1)
FNDA:0,(anonymous_2)
DA:2,3
DA:4,3
DA:5,0
DA:6,0
DA:9,0
DA:11,0
DA:15,3
DA:16,0
DA:17,0
DA:24,0
DA:29,0
LF:11
LH:3
BRF:0
BRH:0
end_of_record
TN:
SF:src\middleware\auth.middleware.ts
FN:7,(anonymous_1)
FN:8,(anonymous_2)
FNF:2
FNH:1
FNDA:18,(anonymous_1)
FNDA:0,(anonymous_2)
DA:2,3
DA:5,3
DA:7,3
DA:8,18
DA:9,0
DA:10,0
DA:13,0
DA:14,0
DA:15,0
DA:18,0
LF:10
LH:4
BRDA:9,0,0,0
BRDA:14,1,0,0
BRF:2
BRH:0
end_of_record
TN:
SF:src\middleware\error.middleware.ts
FN:7,(anonymous_0)
FN:25,(anonymous_1)
FNF:2
FNH:0
FNDA:0,(anonymous_0)
FNDA:0,(anonymous_1)
DA:7,3
DA:13,0
DA:14,0
DA:16,0
DA:18,0
DA:25,3
DA:26,0
DA:27,0
DA:28,0
LF:9
LH:2
BRDA:13,0,0,0
BRDA:13,0,1,0
BRDA:14,1,0,0
BRDA:14,1,1,0
BRDA:21,2,0,0
BRDA:21,2,1,0
BRF:6
BRH:0
end_of_record
TN:
SF:src\middleware\upload.middleware.ts
FN:5,(anonymous_1)
FN:8,(anonymous_2)
FN:14,(anonymous_3)
FNF:3
FNH:0
FNDA:0,(anonymous_1)
FNDA:0,(anonymous_2)
FNDA:0,(anonymous_3)
DA:1,3
DA:2,3
DA:4,3
DA:6,0
DA:9,0
DA:10,0
DA:14,3
DA:15,0
DA:16,0
DA:17,0
DA:19,0
DA:23,3
LF:12
LH:5
BRDA:16,0,0,0
BRDA:16,0,1,0
BRF:2
BRH:0
end_of_record
TN:
SF:src\middleware\validate.middleware.ts
FN:4,(anonymous_0)
FNF:1
FNH:1
FNDA:2,(anonymous_0)
DA:2,3
DA:4,3
DA:5,2
DA:6,2
DA:7,2
DA:12,0
LF:6
LH:5
BRDA:6,0,0,2
BRF:1
BRH:1
end_of_record
TN:
SF:src\routes\auth.routes.ts
FNF:0
FNH:0
DA:1,3
DA:2,3
DA:3,3
DA:4,3
DA:5,3
DA:6,3
DA:8,3
DA:10,3
DA:17,3
DA:23,3
DA:25,3
DA:27,3
DA:32,3
LF:13
LH:13
BRF:0
BRH:0
end_of_record
TN:
SF:src\routes\cart.routes.ts
FNF:0
FNH:0
DA:1,3
DA:2,3
DA:3,3
DA:4,3
DA:6,3
DA:8,3
DA:10,3
DA:11,3
DA:15,3
DA:18,3
DA:20,3
LF:11
LH:11
BRF:0
BRH:0
end_of_record
TN:
SF:src\routes\category.routes.ts
FNF:0
FNH:0
DA:1,3
DA:2,3
DA:3,3
DA:5,3
DA:7,3
DA:8,3
DA:10,3
LF:7
LH:7
BRF:0
BRH:0
end_of_record
TN:
SF:src\routes\order.routes.ts
FNF:0
FNH:0
DA:1,3
DA:2,3
DA:3,3
DA:4,3
DA:6,3
DA:8,3
DA:10,3
DA:11,3
DA:12,3
DA:13,3
DA:17,3
LF:11
LH:11
BRF:0
BRH:0
end_of_record
TN:
SF:src\routes\product.routes.ts
FNF:0
FNH:0
DA:1,3
DA:2,3
DA:3,3
DA:4,3
DA:5,3
DA:6,3
DA:8,3
DA:10,3
DA:11,3
DA:12,3
DA:20,3
DA:21,3
DA:23,3
LF:13
LH:13
BRF:0
BRH:0
end_of_record
TN:
SF:src\routes\user.routes.ts
FNF:0
FNH:0
DA:1,3
DA:2,3
DA:3,3
DA:5,3
DA:7,3
DA:9,3
DA:10,3
DA:12,3
LF:8
LH:8
BRF:0
BRH:0
end_of_record
TN:
SF:src\services\auth.service.ts
FN:6,(anonymous_1)
FN:31,(anonymous_2)
FN:46,(anonymous_3)
FNF:3
FNH:2
FNDA:2,(anonymous_1)
FNDA:2,(anonymous_2)
FNDA:0,(anonymous_3)
DA:1,4
DA:2,4
DA:3,4
DA:4,4
DA:6,4
DA:11,2
DA:12,2
DA:13,1
DA:16,1
DA:18,1
DA:27,1
DA:28,1
DA:31,4
DA:32,2
DA:33,2
DA:34,1
DA:37,1
DA:38,1
DA:39,0
DA:42,1
DA:43,1
DA:46,4
DA:47,0
DA:52,0
DA:53,0
DA:56,0
LF:26
LH:21
BRDA:12,0,0,1
BRDA:33,1,0,1
BRDA:33,2,0,2
BRDA:33,2,1,1
BRDA:38,3,0,0
BRDA:52,4,0,0
BRF:6
BRH:4
end_of_record
TN:
SF:src\services\cart.service.ts
FN:3,(anonymous_1)
FN:14,(anonymous_2)
FN:24,(anonymous_3)
FN:54,(anonymous_4)
FN:70,(anonymous_5)
FN:76,(anonymous_6)
FNF:6
FNH:2
FNDA:1,(anonymous_1)
FNDA:1,(anonymous_2)
FNDA:0,(anonymous_3)
FNDA:0,(anonymous_4)
FNDA:0,(anonymous_5)
FNDA:0,(anonymous_6)
DA:1,4
DA:3,4
DA:4,1
DA:14,1
DA:15,1
DA:18,1
DA:24,4
DA:25,0
DA:34,0
DA:35,0
DA:42,0
DA:54,4
DA:55,0
DA:56,0
DA:61,0
DA:70,4
DA:71,0
DA:76,4
DA:77,0
LF:19
LH:10
BRDA:34,0,0,0
BRDA:55,1,0,0
BRF:2
BRH:0
end_of_record
TN:
SF:src\services\order.service.ts
FN:4,(anonymous_1)
FN:5,(anonymous_2)
FN:24,(anonymous_3)
FN:35,(anonymous_4)
FN:67,(anonymous_5)
FN:82,(anonymous_6)
FN:94,(anonymous_7)
FNF:7
FNH:0
FNDA:0,(anonymous_1)
FNDA:0,(anonymous_2)
FNDA:0,(anonymous_3)
FNDA:0,(anonymous_4)
FNDA:0,(anonymous_5)
FNDA:0,(anonymous_6)
FNDA:0,(anonymous_7)
DA:1,3
DA:4,3
DA:5,0
DA:7,0
DA:12,0
DA:13,0
DA:17,0
DA:18,0
DA:19,0
DA:24,0
DA:25,0
DA:29,0
DA:35,0
DA:51,0
DA:52,0
DA:59,0
DA:63,0
DA:67,3
DA:68,0
DA:70,0
DA:82,3
DA:83,0
DA:94,3
DA:95,0
LF:24
LH:5
BRDA:12,0,0,0
BRDA:18,1,0,0
BRDA:68,2,0,0
BRDA:68,2,1,0
BRF:4
BRH:0
end_of_record
TN:
SF:src\services\product.service.ts
FN:3,(anonymous_1)
FN:48,(anonymous_2)
FN:55,(anonymous_3)
FN:69,(anonymous_4)
FN:89,(anonymous_5)
FNF:5
FNH:2
FNDA:2,(anonymous_1)
FNDA:0,(anonymous_2)
FNDA:1,(anonymous_3)
FNDA:0,(anonymous_4)
FNDA:0,(anonymous_5)
DA:1,4
DA:3,4
DA:4,2
DA:6,2
DA:8,2
DA:9,0
DA:15,2
DA:16,0
DA:19,2
DA:20,0
DA:21,0
DA:22,0
DA:25,2
DA:27,2
DA:38,2
DA:48,4
DA:49,0
DA:55,4
DA:56,1
DA:69,4
DA:70,0
DA:78,0
DA:79,0
DA:82,0
DA:89,4
DA:90,0
LF:26
LH:15
BRDA:4,0,0,2
BRDA:4,1,0,2
BRDA:4,2,0,1
BRDA:4,3,0,1
BRDA:8,4,0,0
BRDA:15,5,0,0
BRDA:19,6,0,0
BRDA:19,7,0,2
BRDA:19,7,1,2
BRDA:21,8,0,0
BRDA:22,9,0,0
BRDA:63,10,0,1
BRDA:63,10,1,1
BRDA:78,11,0,0
BRF:14
BRH:8
end_of_record
TN:
SF:src\utils\jwt.ts
FN:9,(anonymous_1)
FN:17,(anonymous_2)
FNF:2
FNH:0
FNDA:0,(anonymous_1)
FNDA:0,(anonymous_2)
DA:1,4
DA:4,4
DA:5,4
DA:6,0
DA:9,4
DA:10,0
DA:17,4
DA:18,0
LF:8
LH:5
BRDA:5,0,0,0
BRF:1
BRH:0
end_of_record
TN:
SF:src\utils\password.ts
FN:3,(anonymous_1)
FN:7,(anonymous_2)
FNF:2
FNH:0
FNDA:0,(anonymous_1)
FNDA:0,(anonymous_2)
DA:1,4
DA:3,4
DA:4,0
DA:7,4
DA:11,0
LF:5
LH:3
BRF:0
BRH:0
end_of_record
